Arguments: 
  C:\Program Files\nodejs\node.exe C:\Program Files (x86)\Yarn\bin\yarn.js build

PATH: 
  C:\ProgramData\Anaconda3;C:\ProgramData\Anaconda3\Library\mingw-w64\bin;C:\ProgramData\Anaconda3\Library\usr\bin;C:\ProgramData\Anaconda3\Library\bin;C:\ProgramData\Anaconda3\Scripts;C:\Windows\system32;C:\Windows;C:\Windows\System32\Wbem;C:\Windows\System32\WindowsPowerShell\v1.0\;C:\Windows\System32\OpenSSH\;C:\Program Files\Git\cmd;C:\Program Files\NVIDIA Corporation\NVIDIA NvDLISR;C:\Program Files (x86)\NVIDIA Corporation\PhysX\Common;C:\Program Files\nodejs\;C:\Program Files (x86)\Yarn\bin\;C:\Users\Jackson Silva\AppData\Local\Microsoft\WindowsApps;;C:\Users\Jackson Silva\AppData\Local\Programs\Microsoft VS Code\bin;C:\Users\Jackson Silva\AppData\Roaming\npm;C:\Users\Jackson Silva\AppData\Local\Yarn\bin

Yarn version: 
  1.17.3

Node version: 
  10.16.1

Platform: 
  win32 x64

Trace: 
  Invariant Violation: Script must exist
      at invariant (C:\Program Files (x86)\Yarn\lib\cli.js:2314:15)
      at C:\Program Files (x86)\Yarn\lib\cli.js:61440:11
      at Generator.next (<anonymous>)
      at step (C:\Program Files (x86)\Yarn\lib\cli.js:304:30)
      at C:\Program Files (x86)\Yarn\lib\cli.js:322:14
      at new Promise (<anonymous>)
      at new F (C:\Program Files (x86)\Yarn\lib\cli.js:5296:28)
      at C:\Program Files (x86)\Yarn\lib\cli.js:301:12
      at runCommand (C:\Program Files (x86)\Yarn\lib\cli.js:61512:23)
      at Object.<anonymous> (C:\Program Files (x86)\Yarn\lib\cli.js:61611:14)

npm manifest: 
  {
    "name": "estudo_typescript",
    "version": "1.0.0",
    "main": "index.js",
    "license": "MIT",
    "scripts": {
      "dev":"nodemon src/server.ts",
      "build":""
    },
    "devDependencies": {
      "sucrase": "^3.10.1",
      "typescript": "^3.5.3"
    }
  }

yarn manifest: 
  No manifest

Lockfile: 
  # THIS IS AN AUTOGENERATED FILE. DO NOT EDIT THIS FILE DIRECTLY.
  # yarn lockfile v1
  
  
  any-promise@^1.0.0:
    version "1.3.0"
    resolved "https://registry.yarnpkg.com/any-promise/-/any-promise-1.3.0.tgz#abc6afeedcea52e809cdc0376aed3ce39635d17f"
    integrity sha1-q8av7tzqUugJzcA3au0845Y10X8=
  
  commander@^2.19.0:
    version "2.20.0"
    resolved "https://registry.yarnpkg.com/commander/-/commander-2.20.0.tgz#d58bb2b5c1ee8f87b0d340027e9e94e222c5a422"
    integrity sha512-7j2y+40w61zy6YC2iRNpUe/NwhNyoXrYpHMrSunaMG64nRnaf96zO/KMQR4OyN/UnE5KLyEBnKHd4aG3rskjpQ==
  
  lines-and-columns@^1.1.6:
    version "1.1.6"
    resolved "https://registry.yarnpkg.com/lines-and-columns/-/lines-and-columns-1.1.6.tgz#1c00c743b433cd0a4e80758f7b64a57440d9ff00"
    integrity sha1-HADHQ7QzzQpOgHWPe2SldEDZ/wA=
  
  mz@^2.7.0:
    version "2.7.0"
    resolved "https://registry.yarnpkg.com/mz/-/mz-2.7.0.tgz#95008057a56cafadc2bc63dde7f9ff6955948e32"
    integrity sha512-z81GNO7nnYMEhrGh9LeymoE4+Yr0Wn5McHIZMK5cfQCl+NDX08sCZgUc9/6MHni9IWuFLm1Z3HTCXu2z9fN62Q==
    dependencies:
      any-promise "^1.0.0"
      object-assign "^4.0.1"
      thenify-all "^1.0.0"
  
  node-modules-regexp@^1.0.0:
    version "1.0.0"
    resolved "https://registry.yarnpkg.com/node-modules-regexp/-/node-modules-regexp-1.0.0.tgz#8d9dbe28964a4ac5712e9131642107c71e90ec40"
    integrity sha1-jZ2+KJZKSsVxLpExZCEHxx6Q7EA=
  
  object-assign@^4.0.1:
    version "4.1.1"
    resolved "https://registry.yarnpkg.com/object-assign/-/object-assign-4.1.1.tgz#2109adc7965887cfc05cbbd442cac8bfbb360863"
    integrity sha1-IQmtx5ZYh8/AXLvUQsrIv7s2CGM=
  
  pirates@^4.0.0:
    version "4.0.1"
    resolved "https://registry.yarnpkg.com/pirates/-/pirates-4.0.1.tgz#643a92caf894566f91b2b986d2c66950a8e2fb87"
    integrity sha512-WuNqLTbMI3tmfef2TKxlQmAiLHKtFhlsCZnPIpuv2Ow0RDVO8lfy1Opf4NUzlMXLjPl+Men7AuVdX6TA+s+uGA==
    dependencies:
      node-modules-regexp "^1.0.0"
  
  sucrase@^3.10.1:
    version "3.10.1"
    resolved "https://registry.yarnpkg.com/sucrase/-/sucrase-3.10.1.tgz#70ce0bad0e4c8fbc3c3184dbd1797e82990d0602"
    integrity sha512-nMOs6rFWwkYRxcKHHDjyQmC5CmLbHN2LwRyWF1n2i0kb/pq0xcB9M19TdY5Ivfcj1BsWfs+az9Ga5B0tFdE5ww==
    dependencies:
      commander "^2.19.0"
      lines-and-columns "^1.1.6"
      mz "^2.7.0"
      pirates "^4.0.0"
  
  thenify-all@^1.0.0:
    version "1.6.0"
    resolved "https://registry.yarnpkg.com/thenify-all/-/thenify-all-1.6.0.tgz#1a1918d402d8fc3f98fbf234db0bcc8cc10e9726"
    integrity sha1-GhkY1ALY/D+Y+/I02wvMjMEOlyY=
    dependencies:
      thenify ">= 3.1.0 < 4"
  
  "thenify@>= 3.1.0 < 4":
    version "3.3.0"
    resolved "https://registry.yarnpkg.com/thenify/-/thenify-3.3.0.tgz#e69e38a1babe969b0108207978b9f62b88604839"
    integrity sha1-5p44obq+lpsBCCB5eLn2K4hgSDk=
    dependencies:
      any-promise "^1.0.0"
  
  typescript@^3.5.3:
    version "3.5.3"
    resolved "https://registry.yarnpkg.com/typescript/-/typescript-3.5.3.tgz#c830f657f93f1ea846819e929092f5fe5983e977"
    integrity sha512-ACzBtm/PhXBDId6a6sDJfroT2pOWt/oOnk4/dElG5G33ZL776N3Y6/6bKZJBFpd+b05F3Ct9qDjMeJmRWtE2/g==
